Build started 21.11.2015 22:48:12.
     1>Project "C:\dev\projects\RayTracer\src\RayTracer.vcxproj" on node 2 (build target(s)).
     1>InitializeBuildStatus:
         Creating "Debug\RayTracer.unsuccessfulbuild" because "AlwaysCreate" was specified.
       ClCompile:
         C:\dev\visual_studio\VC\bin\CL.exe /c /I..\glm /ZI /nologo /W3 /WX- /Od /Oy- /D WIN32 /D _DEBUG /D _CONSOLE /D _MBCS /Gm /EHsc /RTC1 /MDd /GS /fp:precise /Zc:wchar_t /Zc:forScope /Fo"Debug\\" /Fd"Debug\vc100.pdb" /Gd /TP /analyze- /errorReport:prompt Tracer.cpp
         Tracer.cpp
     1>c:\dev\projects\raytracer\src\tracer.cpp(169): warning C4244: '=' : conversion from 'float' to 'unsigned char', possible loss of data
     1>c:\dev\projects\raytracer\src\tracer.cpp(170): warning C4244: '=' : conversion from 'float' to 'unsigned char', possible loss of data
     1>c:\dev\projects\raytracer\src\tracer.cpp(171): warning C4244: '=' : conversion from 'float' to 'unsigned char', possible loss of data
       Link:
         C:\dev\visual_studio\VC\bin\link.exe /ERRORREPORT:PROMPT /OUT:"C:\dev\projects\RayTracer\src\..\bin\RayTracer.exe" /INCREMENTAL:NO /NOLOGO kernel32.lib user32.lib gdi32.lib winspool.lib comdlg32.lib advapi32.lib shell32.lib ole32.lib oleaut32.lib uuid.lib odbc32.lib odbccp32.lib /MANIFEST /ManifestFile:"Debug\RayTracer.exe.intermediate.manifest" /MANIFESTUAC:"level='asInvoker' uiAccess='false'" /DEBUG /PDB:"C:\dev\projects\RayTracer\bin\RayTracer.pdb" /SUBSYSTEM:CONSOLE /TLBID:1 /DYNAMICBASE /NXCOMPAT /IMPLIB:"C:\dev\projects\RayTracer\src\..\bin\RayTracer.lib" /MACHINE:X86 Debug\Main.obj
         Debug\Scene.obj
         Debug\Tracer.obj
     1>Main.obj : warning LNK4075: ignoring '/EDITANDCONTINUE' due to '/INCREMENTAL:NO' specification
         RayTracer.vcxproj -> C:\dev\projects\RayTracer\src\..\bin\RayTracer.exe
       Manifest:
         C:\Program Files (x86)\Microsoft SDKs\Windows\v7.0A\bin\mt.exe /nologo /verbose /outputresource:"C:\dev\projects\RayTracer\src\..\bin\RayTracer.exe;#1" /manifest Debug\RayTracer.exe.intermediate.manifest
       FinalizeBuildStatus:
         Deleting file "Debug\RayTracer.unsuccessfulbuild".
         Touching "Debug\RayTracer.lastbuildstate".
     1>Done Building Project "C:\dev\projects\RayTracer\src\RayTracer.vcxproj" (build target(s)).

Build succeeded.

Time Elapsed 00:00:02.00
