\\PSF\HOME\DOWNLOADS\RAYTRACER\SRC\DEBUG\VC100.PDB
C:\dev\projects\RayTracer\src\..\bin\RayTracer.pdb
C:\dev\projects\RayTracer\src\Debug\cl.command.1.tlog
C:\dev\projects\RayTracer\src\Debug\cl.read.1.tlog
C:\dev\projects\RayTracer\src\Debug\cl.write.1.tlog
C:\dev\projects\RayTracer\src\Debug\link.command.1.tlog
C:\dev\projects\RayTracer\src\Debug\link.read.1.tlog
C:\dev\projects\RayTracer\src\Debug\link.write.1.tlog
C:\DEV\PROJECTS\RAYTRACER\SRC\DEBUG\MAIN.OBJ
C:\dev\projects\RayTracer\src\Debug\RayTracer.exe.embed.manifest
C:\DEV\PROJECTS\RAYTRACER\SRC\DEBUG\RAYTRACER.EXE.EMBED.MANIFEST.RES
C:\dev\projects\RayTracer\src\Debug\RayTracer.vcxprojResolveAssemblyReference.cache
C:\dev\projects\RayTracer\src\Debug\RayTracer.write.1.tlog
C:\dev\projects\RayTracer\src\Debug\RayTracer_manifest.rc
C:\dev\projects\RayTracer\src\Debug\rc.command.1.tlog
C:\dev\projects\RayTracer\src\Debug\rc.read.1.tlog
C:\dev\projects\RayTracer\src\Debug\rc.write.1.tlog
C:\DEV\PROJECTS\RAYTRACER\SRC\DEBUG\SCENE.OBJ
C:\DEV\PROJECTS\RAYTRACER\SRC\DEBUG\TRACER.OBJ
C:\dev\projects\RayTracer\src\Debug\vc100.idb
C:\DEV\PROJECTS\RAYTRACER\SRC\DEBUG\VC100.PDB
G:\RAYTRACER\SRC\DEBUG\MAIN.OBJ
G:\RAYTRACER\SRC\DEBUG\RAYTRACER.EXE.EMBED.MANIFEST.RES
G:\RAYTRACER\SRC\DEBUG\SCENE.OBJ
G:\RAYTRACER\SRC\DEBUG\TRACER.OBJ
G:\RAYTRACER\SRC\DEBUG\VC100.PDB
