\\PSF\HOME\DESKTOP\RAYTRACER\BIN\RAYTRACER.EXE
\\PSF\HOME\DESKTOP\RAYTRACER\BIN\RAYTRACER.PDB
\\PSF\HOME\DESKTOP\RAYTRACER\SRC\RELEASE\MAIN.OBJ
\\PSF\HOME\DESKTOP\RAYTRACER\SRC\RELEASE\RAYTRACER.EXE.INTERMEDIATE.MANIFEST
\\PSF\HOME\DESKTOP\RAYTRACER\SRC\RELEASE\SCENE.OBJ
\\PSF\HOME\DESKTOP\RAYTRACER\SRC\RELEASE\TRACER.OBJ
\\PSF\HOME\DESKTOP\RAYTRACER\SRC\RELEASE\VC100.PDB
\\PSF\HOME\DESKTOP\ио_няшки\RAYTRACER\BIN\RAYTRACER.EXE
\\PSF\HOME\DESKTOP\ИО_НЯШКИ\RAYTRACER\BIN\RAYTRACER.PDB
\\psf\Home\Desktop\ио_няшки\RayTracer\src\..\bin\RayTracer.exe
\\psf\Home\Desktop\ио_няшки\RayTracer\src\..\bin\RayTracer.pdb
\\psf\Home\Desktop\ио_няшки\RayTracer\src\Release\cl.command.1.tlog
\\psf\Home\Desktop\ио_няшки\RayTracer\src\Release\cl.read.1.tlog
\\psf\Home\Desktop\ио_няшки\RayTracer\src\Release\cl.write.1.tlog
\\psf\Home\Desktop\ио_няшки\RayTracer\src\Release\link.command.1.tlog
\\psf\Home\Desktop\ио_няшки\RayTracer\src\Release\link.read.1.tlog
\\psf\Home\Desktop\ио_няшки\RayTracer\src\Release\link.write.1.tlog
\\PSF\HOME\DESKTOP\ио_няшки\RAYTRACER\SRC\RELEASE\MAIN.OBJ
\\psf\Home\Desktop\ио_няшки\RayTracer\src\Release\mt.command.1.tlog
\\psf\Home\Desktop\ио_няшки\RayTracer\src\Release\mt.read.1.tlog
\\psf\Home\Desktop\ио_няшки\RayTracer\src\Release\mt.write.1.tlog
\\PSF\HOME\DESKTOP\ио_няшки\RAYTRACER\SRC\RELEASE\RAYTRACER.EXE.INTERMEDIATE.MANIFEST
\\psf\Home\Desktop\ио_няшки\RayTracer\src\Release\RayTracer.write.1.tlog
\\PSF\HOME\DESKTOP\ио_няшки\RAYTRACER\SRC\RELEASE\SCENE.OBJ
\\PSF\HOME\DESKTOP\ио_няшки\RAYTRACER\SRC\RELEASE\TRACER.OBJ
\\PSF\HOME\DESKTOP\ИО_НЯШКИ\RAYTRACER\SRC\RELEASE\VC100.PDB
\\PSF\HOME\DOWNLOADS\RAYTRACER\BIN\RAYTRACER.EXE
\\PSF\HOME\DOWNLOADS\RAYTRACER\BIN\RAYTRACER.PDB
\\PSF\HOME\DOWNLOADS\RAYTRACER\SRC\RELEASE\MAIN.OBJ
\\PSF\HOME\DOWNLOADS\RAYTRACER\SRC\RELEASE\RAYTRACER.EXE.INTERMEDIATE.MANIFEST
\\PSF\HOME\DOWNLOADS\RAYTRACER\SRC\RELEASE\SCENE.OBJ
\\PSF\HOME\DOWNLOADS\RAYTRACER\SRC\RELEASE\TRACER.OBJ
\\PSF\HOME\DOWNLOADS\RAYTRACER\SRC\RELEASE\VC100.PDB
C:\DEV\PROJECTS\RAYTRACER\BIN\RAYTRACER.EXE
C:\DEV\PROJECTS\RAYTRACER\BIN\RAYTRACER.PDB
C:\DEV\PROJECTS\RAYTRACER\SRC\RELEASE\MAIN.OBJ
C:\DEV\PROJECTS\RAYTRACER\SRC\RELEASE\RAYTRACER.EXE.INTERMEDIATE.MANIFEST
C:\DEV\PROJECTS\RAYTRACER\SRC\RELEASE\SCENE.OBJ
C:\DEV\PROJECTS\RAYTRACER\SRC\RELEASE\TRACER.OBJ
C:\DEV\PROJECTS\RAYTRACER\SRC\RELEASE\VC100.PDB
E:\Новая папка\RAYTRACER\BIN\RAYTRACER.EXE
E:\НОВАЯ ПАПКА\RAYTRACER\BIN\RAYTRACER.PDB
E:\Новая папка\RAYTRACER\SRC\RELEASE\MAIN.OBJ
E:\Новая папка\RAYTRACER\SRC\RELEASE\RAYTRACER.EXE.INTERMEDIATE.MANIFEST
E:\Новая папка\RAYTRACER\SRC\RELEASE\SCENE.OBJ
E:\Новая папка\RAYTRACER\SRC\RELEASE\TRACER.OBJ
E:\НОВАЯ ПАПКА\RAYTRACER\SRC\RELEASE\VC100.PDB
G:\RAYTRACER\BIN\RAYTRACER.EXE
G:\RAYTRACER\BIN\RAYTRACER.PDB
G:\RAYTRACER\SRC\RELEASE\MAIN.OBJ
G:\RAYTRACER\SRC\RELEASE\RAYTRACER.EXE.INTERMEDIATE.MANIFEST
G:\RAYTRACER\SRC\RELEASE\SCENE.OBJ
G:\RAYTRACER\SRC\RELEASE\TRACER.OBJ
G:\RAYTRACER\SRC\RELEASE\VC100.PDB
